h:\проекты\семестр 5\осисп\курсовой проект\ascii-art\release\ascii-art.ipdb
h:\проекты\семестр 5\осисп\курсовой проект\ascii-art\release\ascii-art.iobj
h:\проекты\семестр 5\осисп\курсовой проект\ascii-art\ascii-art\release\vc141.pdb
h:\проекты\семестр 5\осисп\курсовой проект\ascii-art\ascii-art\release\userbitmap.obj
h:\проекты\семестр 5\осисп\курсовой проект\ascii-art\ascii-art\release\source.obj
h:\проекты\семестр 5\осисп\курсовой проект\ascii-art\ascii-art\release\replace.obj
h:\проекты\семестр 5\осисп\курсовой проект\ascii-art\ascii-art\release\path.obj
h:\проекты\семестр 5\осисп\курсовой проект\ascii-art\ascii-art\release\glyph.obj
h:\проекты\семестр 5\осисп\курсовой проект\ascii-art\ascii-art\release\font.obj
h:\проекты\семестр 5\осисп\курсовой проект\ascii-art\ascii-art\release\firststartinitialization.obj
h:\проекты\семестр 5\осисп\курсовой проект\ascii-art\ascii-art\release\dialog.obj
h:\проекты\семестр 5\осисп\курсовой проект\ascii-art\release\ascii-art.exe
h:\проекты\семестр 5\осисп\курсовой проект\ascii-art\release\ascii-art.pdb
h:\проекты\семестр 5\осисп\курсовой проект\ascii-art\ascii-art\release\ascii-art.res
h:\проекты\семестр 5\осисп\курсовой проект\ascii-art\ascii-art\release\shortcat.res
h:\проекты\семестр 5\осисп\курсовой проект\ascii-art\ascii-art\release\ascii-art.tlog\ascii-art.write.1u.tlog
h:\проекты\семестр 5\осисп\курсовой проект\ascii-art\ascii-art\release\ascii-art.tlog\cl.command.1.tlog
h:\проекты\семестр 5\осисп\курсовой проект\ascii-art\ascii-art\release\ascii-art.tlog\cl.read.1.tlog
h:\проекты\семестр 5\осисп\курсовой проект\ascii-art\ascii-art\release\ascii-art.tlog\cl.write.1.tlog
h:\проекты\семестр 5\осисп\курсовой проект\ascii-art\ascii-art\release\ascii-art.tlog\link.command.1.tlog
h:\проекты\семестр 5\осисп\курсовой проект\ascii-art\ascii-art\release\ascii-art.tlog\link.read.1.tlog
h:\проекты\семестр 5\осисп\курсовой проект\ascii-art\ascii-art\release\ascii-art.tlog\link.write.1.tlog
h:\проекты\семестр 5\осисп\курсовой проект\ascii-art\ascii-art\release\ascii-art.tlog\rc.command.1.tlog
h:\проекты\семестр 5\осисп\курсовой проект\ascii-art\ascii-art\release\ascii-art.tlog\rc.read.1.tlog
h:\проекты\семестр 5\осисп\курсовой проект\ascii-art\ascii-art\release\ascii-art.tlog\rc.write.1.tlog
